The system is: Darwin - 11.4.2 - i386
Compiling the C compiler identification source file "CMakeCCompilerId.c" succeeded.
Compiler: /usr/bin/gcc 
Build flags: 
Id flags: 

The output was:
0


Compilation of the C compiler identification source "CMakeCCompilerId.c" produced "a.out"

The C compiler identification is GNU, found in "/Users/sophiejacquin/Desktop/OneMachine/src/xCode/CMakeFiles/CompilerIdC/a.out"

Compiling the CXX compiler identification source file "CMakeCXXCompilerId.cpp" succeeded.
Compiler: /usr/bin/g++ 
Build flags: 
Id flags: 

The output was:
0


Compilation of the CXX compiler identification source "CMakeCXXCompilerId.cpp" produced "a.out"

The CXX compiler identification is GNU, found in "/Users/sophiejacquin/Desktop/OneMachine/src/xCode/CMakeFiles/CompilerIdCXX/a.out"

Determining if the C compiler works passed with the following output:
Change Dir: /Users/sophiejacquin/Desktop/OneMachine/src/xCode/CMakeFiles/CMakeTmp

Run Build Command:/Applications/CMake\ 2.8-8.app/Contents/bin/cmakexbuild -project CMAKE_TRY_COMPILE.xcodeproj build -target cmTryCompileExec2384429753 -configuration Debug
=== BUILD NATIVE TARGET cmTryCompileExec2384429753 OF PROJECT CMAKE_TRY_COMPILE WITH CONFIGURATION Debug ===
Check dependencies

CompileC CMAKE_TRY_COMPILE.build/Debug/cmTryCompileExec2384429753.build/Objects-normal/x86_64/testCCompiler.o testCCompiler.c normal x86_64 c com.apple.compilers.llvm.clang.1_0.compiler
    cd /Users/sophiejacquin/Desktop/OneMachine/src/xCode/CMakeFiles/CMakeTmp
    /Developer/usr/bin/clang -x c -arch x86_64 -fmessage-length=0 -fdiagnostics-print-source-range-info -fdiagnostics-show-category=id -fdiagnostics-parseable-fixits -Wno-trigraphs -fpascal-strings -O0 -Wno-return-type -Wparentheses -Wswitch -Wno-unused-parameter -Wno-unused-variable -Wunused-value -Wno-shorten-64-to-32 "-DCMAKE_INTDIR=\"Debug\"" -isysroot /Developer/SDKs/MacOSX10.7.sdk -fasm-blocks -mmacosx-version-min=10.7 -gdwarf-2 -Wno-sign-conversion -I/Users/sophiejacquin/Desktop/OneMachine/src/xCode/CMakeFiles/CMakeTmp/Debug/include -I/Users/sophiejacquin/Desktop/OneMachine/src/xCode/CMakeFiles/CMakeTmp/CMAKE_TRY_COMPILE.build/Debug/cmTryCompileExec2384429753.build/DerivedSources/x86_64 -I/Users/sophiejacquin/Desktop/OneMachine/src/xCode/CMakeFiles/CMakeTmp/CMAKE_TRY_COMPILE.build/Debug/cmTryCompileExec2384429753.build/DerivedSources -Wmost -Wno-four-char-constants -Wno-unknown-pragmas -F/Users/sophiejacquin/Desktop/OneMachine/src/xCode/CMakeFiles/CMakeTmp/Debug -MMD -MT dependencies -MF /Users/sophiejacquin/Desktop/OneMachine/src/xCode/CMakeFiles/CMakeTmp/CMAKE_TRY_COMPILE.build/Debug/cmTryCompileExec2384429753.build/Objects-normal/x86_64/testCCompiler.d -c /Users/sophiejacquin/Desktop/OneMachine/src/xCode/CMakeFiles/CMakeTmp/testCCompiler.c -o /Users/sophiejacquin/Desktop/OneMachine/src/xCode/CMakeFiles/CMakeTmp/CMAKE_TRY_COMPILE.build/Debug/cmTryCompileExec2384429753.build/Objects-normal/x86_64/testCCompiler.o

Ld Debug/cmTryCompileExec2384429753 normal x86_64
    cd /Users/sophiejacquin/Desktop/OneMachine/src/xCode/CMakeFiles/CMakeTmp
    /Developer/usr/bin/clang -arch x86_64 -isysroot /Developer/SDKs/MacOSX10.7.sdk -L/Users/sophiejacquin/Desktop/OneMachine/src/xCode/CMakeFiles/CMakeTmp/Debug -F/Users/sophiejacquin/Desktop/OneMachine/src/xCode/CMakeFiles/CMakeTmp/Debug -filelist /Users/sophiejacquin/Desktop/OneMachine/src/xCode/CMakeFiles/CMakeTmp/CMAKE_TRY_COMPILE.build/Debug/cmTryCompileExec2384429753.build/Objects-normal/x86_64/cmTryCompileExec2384429753.LinkFileList -mmacosx-version-min=10.7 -Wl,-search_paths_first -Wl,-headerpad_max_install_names -o /Users/sophiejacquin/Desktop/OneMachine/src/xCode/CMakeFiles/CMakeTmp/Debug/cmTryCompileExec2384429753

PhaseScriptExecution "CMake PostBuild Rules" CMAKE_TRY_COMPILE.build/Debug/cmTryCompileExec2384429753.build/Script-7B59C5CD766B411DA3FF5B79.sh
    cd /Users/sophiejacquin/Desktop/OneMachine/src/xCode/CMakeFiles/CMakeTmp
    /bin/sh -c /Users/sophiejacquin/Desktop/OneMachine/src/xCode/CMakeFiles/CMakeTmp/CMAKE_TRY_COMPILE.build/Debug/cmTryCompileExec2384429753.build/Script-7B59C5CD766B411DA3FF5B79.sh
echo "Depend check for xcode"
Depend check for xcode
cd /Users/sophiejacquin/Desktop/OneMachine/src/xCode/CMakeFiles/CMakeTmp && make -C /Users/sophiejacquin/Desktop/OneMachine/src/xCode/CMakeFiles/CMakeTmp -f /Users/sophiejacquin/Desktop/OneMachine/src/xCode/CMakeFiles/CMakeTmp/CMakeScripts/XCODE_DEPEND_HELPER.make PostBuild.cmTryCompileExec2384429753.Debug
make[1]: Nothing to be done for `PostBuild.cmTryCompileExec2384429753.Debug'.


** BUILD SUCCEEDED **



Detecting C compiler ABI info compiled with the following output:
Change Dir: /Users/sophiejacquin/Desktop/OneMachine/src/xCode/CMakeFiles/CMakeTmp

Run Build Command:/Applications/CMake\ 2.8-8.app/Contents/bin/cmakexbuild -project CMAKE_TRY_COMPILE.xcodeproj build -target cmTryCompileExec2984162658 -configuration Debug
=== BUILD NATIVE TARGET cmTryCompileExec2984162658 OF PROJECT CMAKE_TRY_COMPILE WITH CONFIGURATION Debug ===
Check dependencies

CompileC CMAKE_TRY_COMPILE.build/Debug/cmTryCompileExec2984162658.build/Objects-normal/x86_64/CMakeCCompilerABI.o "../../../../../../../../Applications/CMake 2.8-8.app/Contents/share/cmake-2.8/Modules/CMakeCCompilerABI.c" normal x86_64 c com.apple.compilers.llvm.clang.1_0.compiler
    cd /Users/sophiejacquin/Desktop/OneMachine/src/xCode/CMakeFiles/CMakeTmp
    /Developer/usr/bin/clang -x c -arch x86_64 -fmessage-length=0 -fdiagnostics-print-source-range-info -fdiagnostics-show-category=id -fdiagnostics-parseable-fixits -Wno-trigraphs -fpascal-strings -O0 -Wno-return-type -Wparentheses -Wswitch -Wno-unused-parameter -Wno-unused-variable -Wunused-value -Wno-shorten-64-to-32 "-DCMAKE_INTDIR=\"Debug\"" -isysroot /Developer/SDKs/MacOSX10.7.sdk -fasm-blocks -mmacosx-version-min=10.7 -gdwarf-2 -Wno-sign-conversion -I/Users/sophiejacquin/Desktop/OneMachine/src/xCode/CMakeFiles/CMakeTmp/Debug/include -I/Users/sophiejacquin/Desktop/OneMachine/src/xCode/CMakeFiles/CMakeTmp/CMAKE_TRY_COMPILE.build/Debug/cmTryCompileExec2984162658.build/DerivedSources/x86_64 -I/Users/sophiejacquin/Desktop/OneMachine/src/xCode/CMakeFiles/CMakeTmp/CMAKE_TRY_COMPILE.build/Debug/cmTryCompileExec2984162658.build/DerivedSources -Wmost -Wno-four-char-constants -Wno-unknown-pragmas -F/Users/sophiejacquin/Desktop/OneMachine/src/xCode/CMakeFiles/CMakeTmp/Debug -MMD -MT dependencies -MF /Users/sophiejacquin/Desktop/OneMachine/src/xCode/CMakeFiles/CMakeTmp/CMAKE_TRY_COMPILE.build/Debug/cmTryCompileExec2984162658.build/Objects-normal/x86_64/CMakeCCompilerABI.d -c "/Users/sophiejacquin/Desktop/OneMachine/src/xCode/CMakeFiles/CMakeTmp/../../../../../../../../Applications/CMake 2.8-8.app/Contents/share/cmake-2.8/Modules/CMakeCCompilerABI.c" -o /Users/sophiejacquin/Desktop/OneMachine/src/xCode/CMakeFiles/CMakeTmp/CMAKE_TRY_COMPILE.build/Debug/cmTryCompileExec2984162658.build/Objects-normal/x86_64/CMakeCCompilerABI.o

Ld Debug/cmTryCompileExec2984162658 normal x86_64
    cd /Users/sophiejacquin/Desktop/OneMachine/src/xCode/CMakeFiles/CMakeTmp
    /Developer/usr/bin/clang -arch x86_64 -isysroot /Developer/SDKs/MacOSX10.7.sdk -L/Users/sophiejacquin/Desktop/OneMachine/src/xCode/CMakeFiles/CMakeTmp/Debug -F/Users/sophiejacquin/Desktop/OneMachine/src/xCode/CMakeFiles/CMakeTmp/Debug -filelist /Users/sophiejacquin/Desktop/OneMachine/src/xCode/CMakeFiles/CMakeTmp/CMAKE_TRY_COMPILE.build/Debug/cmTryCompileExec2984162658.build/Objects-normal/x86_64/cmTryCompileExec2984162658.LinkFileList -mmacosx-version-min=10.7 -v -Wl,-search_paths_first -Wl,-headerpad_max_install_names -o /Users/sophiejacquin/Desktop/OneMachine/src/xCode/CMakeFiles/CMakeTmp/Debug/cmTryCompileExec2984162658

PhaseScriptExecution "CMake PostBuild Rules" CMAKE_TRY_COMPILE.build/Debug/cmTryCompileExec2984162658.build/Script-60B36CA000044D498A801DD4.sh
    cd /Users/sophiejacquin/Desktop/OneMachine/src/xCode/CMakeFiles/CMakeTmp
    /bin/sh -c /Users/sophiejacquin/Desktop/OneMachine/src/xCode/CMakeFiles/CMakeTmp/CMAKE_TRY_COMPILE.build/Debug/cmTryCompileExec2984162658.build/Script-60B36CA000044D498A801DD4.sh
echo "Depend check for xcode"
Depend check for xcode
cd /Users/sophiejacquin/Desktop/OneMachine/src/xCode/CMakeFiles/CMakeTmp && make -C /Users/sophiejacquin/Desktop/OneMachine/src/xCode/CMakeFiles/CMakeTmp -f /Users/sophiejacquin/Desktop/OneMachine/src/xCode/CMakeFiles/CMakeTmp/CMakeScripts/XCODE_DEPEND_HELPER.make PostBuild.cmTryCompileExec2984162658.Debug
make[1]: Nothing to be done for `PostBuild.cmTryCompileExec2984162658.Debug'.


** BUILD SUCCEEDED **



Determining if the CXX compiler works passed with the following output:
Change Dir: /Users/sophiejacquin/Desktop/OneMachine/src/xCode/CMakeFiles/CMakeTmp

Run Build Command:/Applications/CMake\ 2.8-8.app/Contents/bin/cmakexbuild -project CMAKE_TRY_COMPILE.xcodeproj build -target cmTryCompileExec1147821153 -configuration Debug
=== BUILD NATIVE TARGET cmTryCompileExec1147821153 OF PROJECT CMAKE_TRY_COMPILE WITH CONFIGURATION Debug ===
Check dependencies

CompileC CMAKE_TRY_COMPILE.build/Debug/cmTryCompileExec1147821153.build/Objects-normal/x86_64/testCXXCompiler.o testCXXCompiler.cxx normal x86_64 c++ com.apple.compilers.llvm.clang.1_0.compiler
    cd /Users/sophiejacquin/Desktop/OneMachine/src/xCode/CMakeFiles/CMakeTmp
    /Developer/usr/bin/clang -x c++ -arch x86_64 -fmessage-length=0 -fdiagnostics-print-source-range-info -fdiagnostics-show-category=id -fdiagnostics-parseable-fixits -Wno-trigraphs -fpascal-strings -O0 -Wno-return-type -Wparentheses -Wswitch -Wno-unused-parameter -Wno-unused-variable -Wunused-value -Wno-shorten-64-to-32 -Wc++0x-extensions "-DCMAKE_INTDIR=\"Debug\"" -isysroot /Developer/SDKs/MacOSX10.7.sdk -fasm-blocks -mmacosx-version-min=10.7 -Wno-sign-conversion -I/Users/sophiejacquin/Desktop/OneMachine/src/xCode/CMakeFiles/CMakeTmp/Debug/include -I/Users/sophiejacquin/Desktop/OneMachine/src/xCode/CMakeFiles/CMakeTmp/CMAKE_TRY_COMPILE.build/Debug/cmTryCompileExec1147821153.build/DerivedSources/x86_64 -I/Users/sophiejacquin/Desktop/OneMachine/src/xCode/CMakeFiles/CMakeTmp/CMAKE_TRY_COMPILE.build/Debug/cmTryCompileExec1147821153.build/DerivedSources -Wmost -Wno-four-char-constants -Wno-unknown-pragmas -F/Users/sophiejacquin/Desktop/OneMachine/src/xCode/CMakeFiles/CMakeTmp/Debug -g -MMD -MT dependencies -MF /Users/sophiejacquin/Desktop/OneMachine/src/xCode/CMakeFiles/CMakeTmp/CMAKE_TRY_COMPILE.build/Debug/cmTryCompileExec1147821153.build/Objects-normal/x86_64/testCXXCompiler.d -c /Users/sophiejacquin/Desktop/OneMachine/src/xCode/CMakeFiles/CMakeTmp/testCXXCompiler.cxx -o /Users/sophiejacquin/Desktop/OneMachine/src/xCode/CMakeFiles/CMakeTmp/CMAKE_TRY_COMPILE.build/Debug/cmTryCompileExec1147821153.build/Objects-normal/x86_64/testCXXCompiler.o

Ld Debug/cmTryCompileExec1147821153 normal x86_64
    cd /Users/sophiejacquin/Desktop/OneMachine/src/xCode/CMakeFiles/CMakeTmp
    /Developer/usr/bin/clang++ -arch x86_64 -isysroot /Developer/SDKs/MacOSX10.7.sdk -L/Users/sophiejacquin/Desktop/OneMachine/src/xCode/CMakeFiles/CMakeTmp/Debug -F/Users/sophiejacquin/Desktop/OneMachine/src/xCode/CMakeFiles/CMakeTmp/Debug -filelist /Users/sophiejacquin/Desktop/OneMachine/src/xCode/CMakeFiles/CMakeTmp/CMAKE_TRY_COMPILE.build/Debug/cmTryCompileExec1147821153.build/Objects-normal/x86_64/cmTryCompileExec1147821153.LinkFileList -mmacosx-version-min=10.7 -Wl,-search_paths_first -Wl,-headerpad_max_install_names -o /Users/sophiejacquin/Desktop/OneMachine/src/xCode/CMakeFiles/CMakeTmp/Debug/cmTryCompileExec1147821153

PhaseScriptExecution "CMake PostBuild Rules" CMAKE_TRY_COMPILE.build/Debug/cmTryCompileExec1147821153.build/Script-AA15C6102BD64663AB51AD7C.sh
    cd /Users/sophiejacquin/Desktop/OneMachine/src/xCode/CMakeFiles/CMakeTmp
    /bin/sh -c /Users/sophiejacquin/Desktop/OneMachine/src/xCode/CMakeFiles/CMakeTmp/CMAKE_TRY_COMPILE.build/Debug/cmTryCompileExec1147821153.build/Script-AA15C6102BD64663AB51AD7C.sh
echo "Depend check for xcode"
Depend check for xcode
cd /Users/sophiejacquin/Desktop/OneMachine/src/xCode/CMakeFiles/CMakeTmp && make -C /Users/sophiejacquin/Desktop/OneMachine/src/xCode/CMakeFiles/CMakeTmp -f /Users/sophiejacquin/Desktop/OneMachine/src/xCode/CMakeFiles/CMakeTmp/CMakeScripts/XCODE_DEPEND_HELPER.make PostBuild.cmTryCompileExec1147821153.Debug
make[1]: Nothing to be done for `PostBuild.cmTryCompileExec1147821153.Debug'.


** BUILD SUCCEEDED **



Detecting CXX compiler ABI info compiled with the following output:
Change Dir: /Users/sophiejacquin/Desktop/OneMachine/src/xCode/CMakeFiles/CMakeTmp

Run Build Command:/Applications/CMake\ 2.8-8.app/Contents/bin/cmakexbuild -project CMAKE_TRY_COMPILE.xcodeproj build -target cmTryCompileExec1961526294 -configuration Debug
=== BUILD NATIVE TARGET cmTryCompileExec1961526294 OF PROJECT CMAKE_TRY_COMPILE WITH CONFIGURATION Debug ===
Check dependencies

CompileC CMAKE_TRY_COMPILE.build/Debug/cmTryCompileExec1961526294.build/Objects-normal/x86_64/CMakeCXXCompilerABI.o "../../../../../../../../Applications/CMake 2.8-8.app/Contents/share/cmake-2.8/Modules/CMakeCXXCompilerABI.cpp" normal x86_64 c++ com.apple.compilers.llvm.clang.1_0.compiler
    cd /Users/sophiejacquin/Desktop/OneMachine/src/xCode/CMakeFiles/CMakeTmp
    /Developer/usr/bin/clang -x c++ -arch x86_64 -fmessage-length=0 -fdiagnostics-print-source-range-info -fdiagnostics-show-category=id -fdiagnostics-parseable-fixits -Wno-trigraphs -fpascal-strings -O0 -Wno-return-type -Wparentheses -Wswitch -Wno-unused-parameter -Wno-unused-variable -Wunused-value -Wno-shorten-64-to-32 -Wc++0x-extensions "-DCMAKE_INTDIR=\"Debug\"" -isysroot /Developer/SDKs/MacOSX10.7.sdk -fasm-blocks -mmacosx-version-min=10.7 -Wno-sign-conversion -I/Users/sophiejacquin/Desktop/OneMachine/src/xCode/CMakeFiles/CMakeTmp/Debug/include -I/Users/sophiejacquin/Desktop/OneMachine/src/xCode/CMakeFiles/CMakeTmp/CMAKE_TRY_COMPILE.build/Debug/cmTryCompileExec1961526294.build/DerivedSources/x86_64 -I/Users/sophiejacquin/Desktop/OneMachine/src/xCode/CMakeFiles/CMakeTmp/CMAKE_TRY_COMPILE.build/Debug/cmTryCompileExec1961526294.build/DerivedSources -Wmost -Wno-four-char-constants -Wno-unknown-pragmas -F/Users/sophiejacquin/Desktop/OneMachine/src/xCode/CMakeFiles/CMakeTmp/Debug -g -MMD -MT dependencies -MF /Users/sophiejacquin/Desktop/OneMachine/src/xCode/CMakeFiles/CMakeTmp/CMAKE_TRY_COMPILE.build/Debug/cmTryCompileExec1961526294.build/Objects-normal/x86_64/CMakeCXXCompilerABI.d -c "/Users/sophiejacquin/Desktop/OneMachine/src/xCode/CMakeFiles/CMakeTmp/../../../../../../../../Applications/CMake 2.8-8.app/Contents/share/cmake-2.8/Modules/CMakeCXXCompilerABI.cpp" -o /Users/sophiejacquin/Desktop/OneMachine/src/xCode/CMakeFiles/CMakeTmp/CMAKE_TRY_COMPILE.build/Debug/cmTryCompileExec1961526294.build/Objects-normal/x86_64/CMakeCXXCompilerABI.o

Ld Debug/cmTryCompileExec1961526294 normal x86_64
    cd /Users/sophiejacquin/Desktop/OneMachine/src/xCode/CMakeFiles/CMakeTmp
    /Developer/usr/bin/clang++ -arch x86_64 -isysroot /Developer/SDKs/MacOSX10.7.sdk -L/Users/sophiejacquin/Desktop/OneMachine/src/xCode/CMakeFiles/CMakeTmp/Debug -F/Users/sophiejacquin/Desktop/OneMachine/src/xCode/CMakeFiles/CMakeTmp/Debug -filelist /Users/sophiejacquin/Desktop/OneMachine/src/xCode/CMakeFiles/CMakeTmp/CMAKE_TRY_COMPILE.build/Debug/cmTryCompileExec1961526294.build/Objects-normal/x86_64/cmTryCompileExec1961526294.LinkFileList -mmacosx-version-min=10.7 -v -Wl,-search_paths_first -Wl,-headerpad_max_install_names -o /Users/sophiejacquin/Desktop/OneMachine/src/xCode/CMakeFiles/CMakeTmp/Debug/cmTryCompileExec1961526294

PhaseScriptExecution "CMake PostBuild Rules" CMAKE_TRY_COMPILE.build/Debug/cmTryCompileExec1961526294.build/Script-E44CF3DFF3FB4953BAB14BE7.sh
    cd /Users/sophiejacquin/Desktop/OneMachine/src/xCode/CMakeFiles/CMakeTmp
    /bin/sh -c /Users/sophiejacquin/Desktop/OneMachine/src/xCode/CMakeFiles/CMakeTmp/CMAKE_TRY_COMPILE.build/Debug/cmTryCompileExec1961526294.build/Script-E44CF3DFF3FB4953BAB14BE7.sh
echo "Depend check for xcode"
Depend check for xcode
cd /Users/sophiejacquin/Desktop/OneMachine/src/xCode/CMakeFiles/CMakeTmp && make -C /Users/sophiejacquin/Desktop/OneMachine/src/xCode/CMakeFiles/CMakeTmp -f /Users/sophiejacquin/Desktop/OneMachine/src/xCode/CMakeFiles/CMakeTmp/CMakeScripts/XCODE_DEPEND_HELPER.make PostBuild.cmTryCompileExec1961526294.Debug
make[1]: Nothing to be done for `PostBuild.cmTryCompileExec1961526294.Debug'.


** BUILD SUCCEEDED **



